<?xml version="1.0" encoding="UTF-8"?>
<!-- Generated by org.testng.reporters.JUnitXMLReporter -->
<testsuite ignored="2" hostname="abhimaniforyou" failures="1" tests="5" name="Test" time="10.671" errors="0" timestamp="2022-10-14T20:08:09 IST">
  <testcase classname="com.zohoCRM.testscripts.LeadsModule" name="deleteLead" time="0.007"/>
  <testcase classname="com.zohoCRM.testscripts.LeadsModule" name="creteNewLead" time="2.438">
    <failure type="java.lang.AssertionError" message="expected [pvt Ltd] but found [  pvt Ltd]">
      <![CDATA[java.lang.AssertionError: expected [pvt Ltd] but found [  pvt Ltd]
at com.zohoCRM.testscripts.LeadsModule.creteNewLead(LeadsModule.java:38)
at java.base/java.util.ArrayList.forEach(ArrayList.java:1511)
... Removed 31 stack frames]]>
    </failure>
  </testcase> <!-- creteNewLead -->
  <testcase classname="com.zohoCRM.testscripts.LeadsModule" name="modifyLead" time="0.002"/>
  <testcase classname="com.zohoCRM.testscripts.CampaignModule" name="createCampaign" time="1.975"/>
  <testcase classname="com.zohoCRM.testscripts.CampaignModule" name="ModifyCampaign" time="0.002"/>
  <testcase classname="com.zohoCRM.generic.BaseClass" name="@AfterTest closeBrowser" time="0.0">
    <ignored/>
  </testcase> <!-- @AfterTest closeBrowser -->
  <testcase classname="com.zohoCRM.generic.BaseClass" name="@BeforeTest openBrowser" time="0.0">
    <ignored/>
  </testcase> <!-- @BeforeTest openBrowser -->
</testsuite> <!-- Test -->
